
> cm2@1.0.0 dev
> concurrently "npm run dev:backend" "npm run dev:frontend"

node.exe : (node:36244) [DEP0060] DeprecationWarning: The `util._extend` API is deprecated. Please use Object.assign() 
instead.
At line:1 char:1
+ & "C:\Program Files\nodejs/node.exe" "C:\Program Files\nodejs/node_mo ...
+ ~~~~~~~~~~~~~~~~~~~~~~~~~~~~~~~~~~~~~~~~~~~~~~~~~~~~~~~~~~~~~~~~~~~~~
    + CategoryInfo          : NotSpecified: ((node:36244) [D...sign() instead.:String) [], RemoteException
    + FullyQualifiedErrorId : NativeCommandError
 
(Use `node --trace-deprecation ...` to show where the warning was created)
[0] 
[0] > cm2@1.0.0 dev:backend
[0] > cd backend && npm run dev
[0] 
[1] 
[1] > cm2@1.0.0 dev:frontend
[1] > cd frontend && npm run dev
[1] 
[0] 
[0] > backend@1.0.0 dev
[0] > nodemon index.js
[0] 
[1] 
[1] > frontend@0.0.0 dev
[1] > vite
[1] 
[0] [33m[nodemon] 3.1.11[39m
[0] [33m[nodemon] to restart at any time, enter `rs`[39m
[0] [33m[nodemon] watching path(s): *.*[39m
[0] [33m[nodemon] watching extensions: js,mjs,cjs,json[39m
[0] [32m[nodemon] starting `node index.js`[39m
[0] [dotenv@17.2.3] injecting env (14) from .env -- tip: ≡ƒöä add secrets lifecycle management: https://dotenvx.com/ops
[0] Server running in development mode
[0] Listening on http://localhost:4000
[0] Health check: http://localhost:4000/health
[1] [2m9:32:48 p.m.[22m [36m[1m[vite][22m[39m [90m[2m(client)[22m[39m Re-optimizing dependencies because vite config has changed
[1] 
[1]   [32m[1mVITE[22m v7.3.0[39m  [2mready in [0m[1m3202[22m[2m[0m ms[22m
[1] 
[1]   [32mΓ₧£[39m  [1mLocal[22m:   [36mhttp://localhost:[1m6300[22m/[39m
[1] [2m  [32mΓ₧£[39m  [1mNetwork[22m[2m: use [22m[1m--host[22m[2m to expose[22m
[1]   Γ₧£  Vue DevTools: Open http://localhost:6300/__devtools__/ as a separate window
[1]   Γ₧£  Vue DevTools: Press Alt(ΓîÑ)+Shift(Γçº)+D in App to toggle the Vue DevTools
[0] [31m[nodemon] app crashed - waiting for file changes before starting...[39m
[1] npm error Lifecycle script `dev` failed with error:
[1] npm error code 4294967295
[1] npm error path C:\Coding\CM2\frontend
[1] npm error workspace frontend@0.0.0
[1] npm error location C:\Coding\CM2\frontend
[1] npm error command failed
[1] npm error command C:\Windows\system32\cmd.exe /d /s /c vite
[1] npm run dev:frontend exited with code 4294967295
